14:22:29 INFO  : Registering command handlers for SDK TCF services
14:22:30 INFO  : Launching XSCT server: xsct.bat -interactive C:\Users\zacharyheil\Desktop\lab1-solution\base-soc\base-soc.sdk\temp_xsdb_launch_script.tcl
14:22:34 INFO  : XSCT server has started successfully.
14:22:38 INFO  : Successfully done setting XSCT server connection channel  
14:22:38 INFO  : Processing command line option -hwspec C:/Users/zacharyheil/Desktop/lab1-solution/base-soc/base-soc.sdk/system_wrapper.hdf.
14:22:38 INFO  : Successfully done setting SDK workspace  
14:47:30 INFO  : Connected to target on host '127.0.0.1' and port '3121'.
14:47:31 INFO  : 'targets -set -filter {jtag_cable_name =~ "Digilent Arty A7-35T 210319AE169CA" && level==0} -index 0' command is executed.
14:47:32 INFO  : FPGA configured successfully with bitstream "C:/Users/zacharyheil/Desktop/lab1-solution/base-soc/base-soc.sdk/system_wrapper_hw_platform_0/download.bit"
14:56:54 INFO  : 'targets -set -filter {jtag_cable_name =~ "Digilent Arty A7-35T 210319AE169CA" && level==0} -index 0' command is executed.
14:56:54 INFO  : 'fpga -state' command is executed.
14:56:54 INFO  : Connected to target on host '127.0.0.1' and port '3121'.
14:56:54 INFO  : Jtag cable 'Digilent Arty A7-35T 210319AE169CA' is selected.
14:56:54 INFO  : 'jtag frequency' command is executed.
14:56:54 INFO  : Context for processor 'microblaze_0' is selected.
14:56:54 INFO  : Hardware design information is loaded from 'C:/Users/zacharyheil/Desktop/lab1-solution/base-soc/base-soc.sdk/system_wrapper_hw_platform_0/system.hdf'.
14:56:54 INFO  : Context for processor 'microblaze_0' is selected.
14:56:54 INFO  : Processor reset is completed for 'microblaze_0'.
14:56:54 INFO  : Context for processor 'microblaze_0' is selected.
14:56:56 INFO  : The application 'C:/Users/zacharyheil/Desktop/lab1-solution/base-soc/base-soc.sdk/hello-world/Debug/hello-world.elf' is downloaded to processor 'microblaze_0'.
14:56:56 INFO  : ----------------XSDB Script----------------
connect -url tcp:127.0.0.1:3121
targets -set -nocase -filter {name =~ "microblaze*#0" && bscan=="USER2"  && jtag_cable_name =~ "Digilent Arty A7-35T 210319AE169CA"} -index 0
loadhw C:/Users/zacharyheil/Desktop/lab1-solution/base-soc/base-soc.sdk/system_wrapper_hw_platform_0/system.hdf
targets -set -nocase -filter {name =~ "microblaze*#0" && bscan=="USER2"  && jtag_cable_name =~ "Digilent Arty A7-35T 210319AE169CA"} -index 0
rst -processor
targets -set -nocase -filter {name =~ "microblaze*#0" && bscan=="USER2"  && jtag_cable_name =~ "Digilent Arty A7-35T 210319AE169CA"} -index 0
dow C:/Users/zacharyheil/Desktop/lab1-solution/base-soc/base-soc.sdk/hello-world/Debug/hello-world.elf
----------------End of Script----------------

14:56:56 INFO  : Memory regions updated for context MicroBlaze #0
14:56:56 INFO  : Memory regions updated for context MicroBlaze #0
14:56:57 INFO  : Context for processor 'microblaze_0' is selected.
14:56:57 INFO  : 'con' command is executed.
14:56:57 INFO  : ----------------XSDB Script (After Launch)----------------
targets -set -nocase -filter {name =~ "microblaze*#0" && bscan=="USER2"  && jtag_cable_name =~ "Digilent Arty A7-35T 210319AE169CA"} -index 0
con
----------------End of Script----------------

14:56:57 INFO  : Launch script is exported to file 'C:\Users\zacharyheil\Desktop\lab1-solution\base-soc\base-soc.sdk\.sdk\launch_scripts\xilinx_c-c++_application_(system_debugger)\system_debugger_using_debug_hello-world.elf_on_local.tcl'
15:17:57 INFO  : Disconnected from the channel tcfchan#1.
00:52:29 INFO  : Registering command handlers for SDK TCF services
00:52:30 INFO  : Launching XSCT server: xsct.bat -interactive C:\Users\zacharyheil\Desktop\ES\lab1-solution\base-soc\base-soc.sdk\temp_xsdb_launch_script.tcl
00:52:35 INFO  : XSCT server has started successfully.
00:52:38 INFO  : Processing command line option -hwspec C:/Users/zacharyheil/Desktop/ES/lab1-solution/base-soc/base-soc.sdk/system_wrapper.hdf.
00:52:38 INFO  : Successfully done setting XSCT server connection channel  
00:52:39 INFO  : Successfully done setting SDK workspace  
00:53:01 INFO  : 'targets -set -filter {jtag_cable_name =~ "Digilent Arty A7-35T 210319AE169CA" && level==0} -index 0' command is executed.
00:53:01 INFO  : 'fpga -state' command is executed.
00:53:01 INFO  : Connected to target on host '127.0.0.1' and port '3121'.
00:53:01 INFO  : Jtag cable 'Digilent Arty A7-35T 210319AE169CA' is selected.
00:53:01 INFO  : 'jtag frequency' command is executed.
00:53:01 INFO  : Context for processor 'microblaze_0' is selected.
00:53:01 INFO  : Hardware design information is loaded from 'C:/Users/zacharyheil/Desktop/ES/lab1-solution/base-soc/base-soc.sdk/system_wrapper_hw_platform_0/system.hdf'.
00:53:01 INFO  : Context for processor 'microblaze_0' is selected.
00:53:01 INFO  : Processor reset is completed for 'microblaze_0'.
00:53:01 INFO  : Context for processor 'microblaze_0' is selected.
00:53:03 INFO  : The application 'C:/Users/zacharyheil/Desktop/ES/lab1-solution/base-soc/base-soc.sdk/hello-world/Debug/hello-world.elf' is downloaded to processor 'microblaze_0'.
00:53:03 INFO  : ----------------XSDB Script----------------
connect -url tcp:127.0.0.1:3121
targets -set -nocase -filter {name =~ "microblaze*#0" && bscan=="USER2"  && jtag_cable_name =~ "Digilent Arty A7-35T 210319AE169CA"} -index 0
loadhw C:/Users/zacharyheil/Desktop/ES/lab1-solution/base-soc/base-soc.sdk/system_wrapper_hw_platform_0/system.hdf
targets -set -nocase -filter {name =~ "microblaze*#0" && bscan=="USER2"  && jtag_cable_name =~ "Digilent Arty A7-35T 210319AE169CA"} -index 0
rst -processor
targets -set -nocase -filter {name =~ "microblaze*#0" && bscan=="USER2"  && jtag_cable_name =~ "Digilent Arty A7-35T 210319AE169CA"} -index 0
dow C:/Users/zacharyheil/Desktop/ES/lab1-solution/base-soc/base-soc.sdk/hello-world/Debug/hello-world.elf
----------------End of Script----------------

00:53:03 INFO  : Memory regions updated for context MicroBlaze #0
00:53:03 INFO  : Memory regions updated for context MicroBlaze #0
00:53:03 INFO  : Context for processor 'microblaze_0' is selected.
00:53:03 INFO  : 'con' command is executed.
00:53:03 INFO  : ----------------XSDB Script (After Launch)----------------
targets -set -nocase -filter {name =~ "microblaze*#0" && bscan=="USER2"  && jtag_cable_name =~ "Digilent Arty A7-35T 210319AE169CA"} -index 0
con
----------------End of Script----------------

00:53:03 INFO  : Launch script is exported to file 'C:\Users\zacharyheil\Desktop\ES\lab1-solution\base-soc\base-soc.sdk\.sdk\launch_scripts\xilinx_c-c++_application_(system_debugger)\system_debugger_using_debug_hello-world.elf_on_local.tcl'
00:54:10 INFO  : Connected to target on host '127.0.0.1' and port '3121'.
00:54:10 INFO  : 'targets -set -filter {jtag_cable_name =~ "Digilent Arty A7-35T 210319AE169CA" && level==0} -index 0' command is executed.
00:54:11 INFO  : FPGA configured successfully with bitstream "C:/Users/zacharyheil/Desktop/ES/lab1-solution/base-soc/base-soc.sdk/system_wrapper_hw_platform_0/download.bit"
00:54:27 INFO  : Disconnected from the channel tcfchan#1.
00:54:28 INFO  : 'targets -set -filter {jtag_cable_name =~ "Digilent Arty A7-35T 210319AE169CA" && level==0} -index 0' command is executed.
00:54:28 INFO  : 'fpga -state' command is executed.
00:54:28 INFO  : Connected to target on host '127.0.0.1' and port '3121'.
00:54:28 INFO  : Jtag cable 'Digilent Arty A7-35T 210319AE169CA' is selected.
00:54:28 INFO  : 'jtag frequency' command is executed.
00:54:28 INFO  : Context for processor 'microblaze_0' is selected.
00:54:29 INFO  : Hardware design information is loaded from 'C:/Users/zacharyheil/Desktop/ES/lab1-solution/base-soc/base-soc.sdk/system_wrapper_hw_platform_0/system.hdf'.
00:54:29 INFO  : Context for processor 'microblaze_0' is selected.
00:54:29 INFO  : Processor reset is completed for 'microblaze_0'.
00:54:29 INFO  : Context for processor 'microblaze_0' is selected.
00:54:31 INFO  : The application 'C:/Users/zacharyheil/Desktop/ES/lab1-solution/base-soc/base-soc.sdk/hello-world/Debug/hello-world.elf' is downloaded to processor 'microblaze_0'.
00:54:31 INFO  : ----------------XSDB Script----------------
connect -url tcp:127.0.0.1:3121
targets -set -nocase -filter {name =~ "microblaze*#0" && bscan=="USER2"  && jtag_cable_name =~ "Digilent Arty A7-35T 210319AE169CA"} -index 0
loadhw C:/Users/zacharyheil/Desktop/ES/lab1-solution/base-soc/base-soc.sdk/system_wrapper_hw_platform_0/system.hdf
targets -set -nocase -filter {name =~ "microblaze*#0" && bscan=="USER2"  && jtag_cable_name =~ "Digilent Arty A7-35T 210319AE169CA"} -index 0
rst -processor
targets -set -nocase -filter {name =~ "microblaze*#0" && bscan=="USER2"  && jtag_cable_name =~ "Digilent Arty A7-35T 210319AE169CA"} -index 0
dow C:/Users/zacharyheil/Desktop/ES/lab1-solution/base-soc/base-soc.sdk/hello-world/Debug/hello-world.elf
----------------End of Script----------------

00:54:31 INFO  : Memory regions updated for context MicroBlaze #0
00:54:31 INFO  : Memory regions updated for context MicroBlaze #0
00:54:31 INFO  : Context for processor 'microblaze_0' is selected.
00:54:31 INFO  : 'con' command is executed.
00:54:31 INFO  : ----------------XSDB Script (After Launch)----------------
targets -set -nocase -filter {name =~ "microblaze*#0" && bscan=="USER2"  && jtag_cable_name =~ "Digilent Arty A7-35T 210319AE169CA"} -index 0
con
----------------End of Script----------------

00:54:31 INFO  : Launch script is exported to file 'C:\Users\zacharyheil\Desktop\ES\lab1-solution\base-soc\base-soc.sdk\.sdk\launch_scripts\xilinx_c-c++_application_(system_debugger)\system_debugger_using_debug_hello-world.elf_on_local.tcl'
00:55:32 INFO  : Disconnected from the channel tcfchan#2.
01:08:17 INFO  : Launching XSCT server: xsct.bat -interactive C:\Users\zacharyheil\Desktop\ES\lab1-solution\base-soc\base-soc.sdk\temp_xsdb_launch_script.tcl
01:08:19 INFO  : XSCT server has started successfully.
01:08:19 INFO  : Successfully done setting XSCT server connection channel  
01:08:19 INFO  : Successfully done setting SDK workspace  
01:08:21 INFO  : Registering command handlers for SDK TCF services
01:08:23 INFO  : Processing command line option -hwspec C:/Users/zacharyheil/Desktop/ES/lab1-solution/base-soc/base-soc.sdk/system_wrapper.hdf.
01:08:24 INFO  : Checking for hwspec changes in the project system_wrapper_hw_platform_1.
01:09:08 INFO  : Connected to target on host '127.0.0.1' and port '3121'.
01:09:11 INFO  : 'targets -set -filter {jtag_cable_name =~ "Digilent Arty A7-35T 210319AE169CA" && level==0} -index 0' command is executed.
01:09:13 INFO  : FPGA configured successfully with bitstream "C:/Users/zacharyheil/Desktop/ES/lab1-solution/base-soc/base-soc.sdk/system_wrapper_hw_platform_0/download.bit"
01:09:32 INFO  : 'targets -set -filter {jtag_cable_name =~ "Digilent Arty A7-35T 210319AE169CA" && level==0} -index 0' command is executed.
01:09:32 INFO  : 'fpga -state' command is executed.
01:09:32 INFO  : Connected to target on host '127.0.0.1' and port '3121'.
01:09:33 INFO  : Jtag cable 'Digilent Arty A7-35T 210319AE169CA' is selected.
01:09:33 INFO  : 'jtag frequency' command is executed.
01:09:33 INFO  : Context for processor 'microblaze_0' is selected.
01:09:33 INFO  : Hardware design information is loaded from 'C:/Users/zacharyheil/Desktop/ES/lab1-solution/base-soc/base-soc.sdk/system_wrapper_hw_platform_0/system.hdf'.
01:09:33 INFO  : Context for processor 'microblaze_0' is selected.
01:09:33 INFO  : Processor reset is completed for 'microblaze_0'.
01:09:33 INFO  : Context for processor 'microblaze_0' is selected.
01:09:35 INFO  : The application 'C:/Users/zacharyheil/Desktop/ES/lab1-solution/base-soc/base-soc.sdk/hello-world/Debug/hello-world.elf' is downloaded to processor 'microblaze_0'.
01:09:35 INFO  : ----------------XSDB Script----------------
connect -url tcp:127.0.0.1:3121
targets -set -nocase -filter {name =~ "microblaze*#0" && bscan=="USER2"  && jtag_cable_name =~ "Digilent Arty A7-35T 210319AE169CA"} -index 0
loadhw C:/Users/zacharyheil/Desktop/ES/lab1-solution/base-soc/base-soc.sdk/system_wrapper_hw_platform_0/system.hdf
targets -set -nocase -filter {name =~ "microblaze*#0" && bscan=="USER2"  && jtag_cable_name =~ "Digilent Arty A7-35T 210319AE169CA"} -index 0
rst -processor
targets -set -nocase -filter {name =~ "microblaze*#0" && bscan=="USER2"  && jtag_cable_name =~ "Digilent Arty A7-35T 210319AE169CA"} -index 0
dow C:/Users/zacharyheil/Desktop/ES/lab1-solution/base-soc/base-soc.sdk/hello-world/Debug/hello-world.elf
----------------End of Script----------------

01:09:35 INFO  : Memory regions updated for context MicroBlaze #0
01:09:35 INFO  : Memory regions updated for context MicroBlaze #0
01:09:35 INFO  : Context for processor 'microblaze_0' is selected.
01:09:35 INFO  : 'con' command is executed.
01:09:35 INFO  : ----------------XSDB Script (After Launch)----------------
targets -set -nocase -filter {name =~ "microblaze*#0" && bscan=="USER2"  && jtag_cable_name =~ "Digilent Arty A7-35T 210319AE169CA"} -index 0
con
----------------End of Script----------------

01:09:35 INFO  : Launch script is exported to file 'C:\Users\zacharyheil\Desktop\ES\lab1-solution\base-soc\base-soc.sdk\.sdk\launch_scripts\xilinx_c-c++_application_(system_debugger)\system_debugger_using_debug_hello-world.elf_on_local.tcl'
01:14:03 INFO  : Disconnected from the channel tcfchan#1.
08:55:02 INFO  : Registering command handlers for SDK TCF services
08:55:03 INFO  : Launching XSCT server: xsct.bat -interactive C:\Users\zacharyheil\Desktop\ES\lab1-solution\base-soc\base-soc.sdk\temp_xsdb_launch_script.tcl
08:55:08 INFO  : XSCT server has started successfully.
08:55:08 INFO  : Successfully done setting XSCT server connection channel  
08:55:13 INFO  : Processing command line option -hwspec C:/Users/zacharyheil/Desktop/ES/lab1-solution/base-soc/base-soc.sdk/system_wrapper.hdf.
08:55:13 INFO  : Checking for hwspec changes in the project system_wrapper_hw_platform_1.
08:55:13 INFO  : Successfully done setting SDK workspace  
08:58:04 INFO  : Connected to target on host '127.0.0.1' and port '3121'.
08:58:05 INFO  : 'targets -set -filter {jtag_cable_name =~ "Digilent Arty A7-35T 210319AE169CA" && level==0} -index 0' command is executed.
08:58:06 INFO  : FPGA configured successfully with bitstream "C:/Users/zacharyheil/Desktop/ES/lab1-solution/base-soc/base-soc.sdk/system_wrapper_hw_platform_0/download.bit"
08:58:21 INFO  : 'targets -set -filter {jtag_cable_name =~ "Digilent Arty A7-35T 210319AE169CA" && level==0} -index 0' command is executed.
08:58:21 INFO  : 'fpga -state' command is executed.
08:58:21 INFO  : Connected to target on host '127.0.0.1' and port '3121'.
08:58:22 INFO  : Jtag cable 'Digilent Arty A7-35T 210319AE169CA' is selected.
08:58:22 INFO  : 'jtag frequency' command is executed.
08:58:22 INFO  : Context for processor 'microblaze_0' is selected.
08:58:22 INFO  : Hardware design information is loaded from 'C:/Users/zacharyheil/Desktop/ES/lab1-solution/base-soc/base-soc.sdk/system_wrapper_hw_platform_0/system.hdf'.
08:58:22 INFO  : Context for processor 'microblaze_0' is selected.
08:58:22 INFO  : Processor reset is completed for 'microblaze_0'.
08:58:22 INFO  : Context for processor 'microblaze_0' is selected.
08:58:25 INFO  : The application 'C:/Users/zacharyheil/Desktop/ES/lab1-solution/base-soc/base-soc.sdk/hello-world/Debug/hello-world.elf' is downloaded to processor 'microblaze_0'.
08:58:25 INFO  : ----------------XSDB Script----------------
connect -url tcp:127.0.0.1:3121
targets -set -nocase -filter {name =~ "microblaze*#0" && bscan=="USER2"  && jtag_cable_name =~ "Digilent Arty A7-35T 210319AE169CA"} -index 0
loadhw C:/Users/zacharyheil/Desktop/ES/lab1-solution/base-soc/base-soc.sdk/system_wrapper_hw_platform_0/system.hdf
targets -set -nocase -filter {name =~ "microblaze*#0" && bscan=="USER2"  && jtag_cable_name =~ "Digilent Arty A7-35T 210319AE169CA"} -index 0
rst -processor
targets -set -nocase -filter {name =~ "microblaze*#0" && bscan=="USER2"  && jtag_cable_name =~ "Digilent Arty A7-35T 210319AE169CA"} -index 0
dow C:/Users/zacharyheil/Desktop/ES/lab1-solution/base-soc/base-soc.sdk/hello-world/Debug/hello-world.elf
----------------End of Script----------------

08:58:25 INFO  : Memory regions updated for context MicroBlaze #0
08:58:25 INFO  : Memory regions updated for context MicroBlaze #0
08:58:25 INFO  : Context for processor 'microblaze_0' is selected.
08:58:25 INFO  : 'con' command is executed.
08:58:25 INFO  : ----------------XSDB Script (After Launch)----------------
targets -set -nocase -filter {name =~ "microblaze*#0" && bscan=="USER2"  && jtag_cable_name =~ "Digilent Arty A7-35T 210319AE169CA"} -index 0
con
----------------End of Script----------------

08:58:25 INFO  : Launch script is exported to file 'C:\Users\zacharyheil\Desktop\ES\lab1-solution\base-soc\base-soc.sdk\.sdk\launch_scripts\xilinx_c-c++_application_(system_debugger)\system_debugger_using_debug_hello-world.elf_on_local.tcl'
17:49:28 INFO  : Disconnected from the channel tcfchan#1.
